<?xml version="1.0" encoding="UTF-8"?>
<testsuite xmlns:xsi="http://www.w3.org/2001/XMLSchema-instance" xsi:noNamespaceSchemaLocation="https://maven.apache.org/surefire/maven-surefire-plugin/xsd/surefire-test-report.xsd" name="FilesystemTests" time="0" tests="6" errors="0" skipped="0" failures="0">
  <properties>
[...]
</properties>
  <testcase name="file_with_empty_name_should_generate_error" classname="FilesystemTests" time="0"/>
  <testcase name="folder_simple" classname="FilesystemTests" time="0"/>
  <testcase name="folder_count_one_item" classname="FilesystemTests" time="0"/>
  <testcase name="folder_count_tree_items" classname="FilesystemTests" time="0"/>
  <testcase name="file_simple" classname="FilesystemTests" time="0"/>
  <testcase name="folder_count_two_items" classname="FilesystemTests" time="0"/>
</testsuite>